<?xml version="1.0" encoding="UTF-8"?>
<testsuite xmlns:xsi="http://www.w3.org/2001/XMLSchema-instance" xsi:noNamespaceSchemaLocation="https://maven.apache.org/surefire/maven-surefire-plugin/xsd/surefire-test-report.xsd" name="leetcode.editor.cn.demo.DemoApplicationTests" time="0.882" tests="1" errors="0" skipped="0" failures="0">
  <properties>
    <property name="sun.desktop" value="gnome"/>
    <property name="awt.toolkit" value="sun.awt.X11.XToolkit"/>
    <property name="file.encoding.pkg" value="sun.io"/>
    <property name="java.specification.version" value="1.8"/>
    <property name="sun.cpu.isalist" value=""/>
    <property name="sun.jnu.encoding" value="UTF-8"/>
    <property name="java.class.path" value="/root/IdeaProjects/leetcode/target/test-classes:/root/IdeaProjects/leetcode/target/classes:/root/app/maven/jar/org/springframework/boot/spring-boot-starter/2.4.5/spring-boot-starter-2.4.5.jar:/root/app/maven/jar/org/springframework/boot/spring-boot/2.4.5/spring-boot-2.4.5.jar:/root/app/maven/jar/org/springframework/spring-context/5.3.6/spring-context-5.3.6.jar:/root/app/maven/jar/org/springframework/spring-aop/5.3.6/spring-aop-5.3.6.jar:/root/app/maven/jar/org/springframework/spring-beans/5.3.6/spring-beans-5.3.6.jar:/root/app/maven/jar/org/springframework/spring-expression/5.3.6/spring-expression-5.3.6.jar:/root/app/maven/jar/org/springframework/boot/spring-boot-autoconfigure/2.4.5/spring-boot-autoconfigure-2.4.5.jar:/root/app/maven/jar/org/springframework/boot/spring-boot-starter-logging/2.4.5/spring-boot-starter-logging-2.4.5.jar:/root/app/maven/jar/ch/qos/logback/logback-classic/1.2.3/logback-classic-1.2.3.jar:/root/app/maven/jar/ch/qos/logback/logback-core/1.2.3/logback-core-1.2.3.jar:/root/app/maven/jar/org/apache/logging/log4j/log4j-to-slf4j/2.13.3/log4j-to-slf4j-2.13.3.jar:/root/app/maven/jar/org/apache/logging/log4j/log4j-api/2.13.3/log4j-api-2.13.3.jar:/root/app/maven/jar/org/slf4j/jul-to-slf4j/1.7.30/jul-to-slf4j-1.7.30.jar:/root/app/maven/jar/jakarta/annotation/jakarta.annotation-api/1.3.5/jakarta.annotation-api-1.3.5.jar:/root/app/maven/jar/org/springframework/spring-core/5.3.6/spring-core-5.3.6.jar:/root/app/maven/jar/org/springframework/spring-jcl/5.3.6/spring-jcl-5.3.6.jar:/root/app/maven/jar/org/yaml/snakeyaml/1.27/snakeyaml-1.27.jar:/root/app/maven/jar/org/springframework/boot/spring-boot-starter-test/2.4.5/spring-boot-starter-test-2.4.5.jar:/root/app/maven/jar/org/springframework/boot/spring-boot-test/2.4.5/spring-boot-test-2.4.5.jar:/root/app/maven/jar/org/springframework/boot/spring-boot-test-autoconfigure/2.4.5/spring-boot-test-autoconfigure-2.4.5.jar:/root/app/maven/jar/com/jayway/jsonpath/json-path/2.4.0/json-path-2.4.0.jar:/root/app/maven/jar/net/minidev/json-smart/2.3/json-smart-2.3.jar:/root/app/maven/jar/net/minidev/accessors-smart/1.2/accessors-smart-1.2.jar:/root/app/maven/jar/org/ow2/asm/asm/5.0.4/asm-5.0.4.jar:/root/app/maven/jar/org/slf4j/slf4j-api/1.7.30/slf4j-api-1.7.30.jar:/root/app/maven/jar/jakarta/xml/bind/jakarta.xml.bind-api/2.3.3/jakarta.xml.bind-api-2.3.3.jar:/root/app/maven/jar/jakarta/activation/jakarta.activation-api/1.2.2/jakarta.activation-api-1.2.2.jar:/root/app/maven/jar/org/assertj/assertj-core/3.18.1/assertj-core-3.18.1.jar:/root/app/maven/jar/org/hamcrest/hamcrest/2.2/hamcrest-2.2.jar:/root/app/maven/jar/org/junit/jupiter/junit-jupiter/5.7.1/junit-jupiter-5.7.1.jar:/root/app/maven/jar/org/junit/jupiter/junit-jupiter-api/5.7.1/junit-jupiter-api-5.7.1.jar:/root/app/maven/jar/org/apiguardian/apiguardian-api/1.1.0/apiguardian-api-1.1.0.jar:/root/app/maven/jar/org/opentest4j/opentest4j/1.2.0/opentest4j-1.2.0.jar:/root/app/maven/jar/org/junit/platform/junit-platform-commons/1.7.1/junit-platform-commons-1.7.1.jar:/root/app/maven/jar/org/junit/jupiter/junit-jupiter-params/5.7.1/junit-jupiter-params-5.7.1.jar:/root/app/maven/jar/org/junit/jupiter/junit-jupiter-engine/5.7.1/junit-jupiter-engine-5.7.1.jar:/root/app/maven/jar/org/junit/platform/junit-platform-engine/1.7.1/junit-platform-engine-1.7.1.jar:/root/app/maven/jar/org/mockito/mockito-core/3.6.28/mockito-core-3.6.28.jar:/root/app/maven/jar/net/bytebuddy/byte-buddy/1.10.22/byte-buddy-1.10.22.jar:/root/app/maven/jar/net/bytebuddy/byte-buddy-agent/1.10.22/byte-buddy-agent-1.10.22.jar:/root/app/maven/jar/org/objenesis/objenesis/3.1/objenesis-3.1.jar:/root/app/maven/jar/org/mockito/mockito-junit-jupiter/3.6.28/mockito-junit-jupiter-3.6.28.jar:/root/app/maven/jar/org/skyscreamer/jsonassert/1.5.0/jsonassert-1.5.0.jar:/root/app/maven/jar/com/vaadin/external/google/android-json/0.0.20131108.vaadin1/android-json-0.0.20131108.vaadin1.jar:/root/app/maven/jar/org/springframework/spring-test/5.3.6/spring-test-5.3.6.jar:/root/app/maven/jar/org/xmlunit/xmlunit-core/2.7.0/xmlunit-core-2.7.0.jar:"/>
    <property name="java.vm.vendor" value="Oracle Corporation"/>
    <property name="sun.arch.data.model" value="64"/>
    <property name="java.vendor.url" value="http://java.oracle.com/"/>
    <property name="user.timezone" value=""/>
    <property name="java.vm.specification.version" value="1.8"/>
    <property name="os.name" value="Linux"/>
    <property name="user.country" value="CN"/>
    <property name="sun.java.launcher" value="SUN_STANDARD"/>
    <property name="sun.boot.library.path" value="/root/java/jdk1.8.0_241/jre/lib/amd64"/>
    <property name="sun.java.command" value="/root/IdeaProjects/leetcode/target/surefire/surefirebooter6928705144376558178.jar /root/IdeaProjects/leetcode/target/surefire 2021-05-06T09-34-45_667-jvmRun1 surefire6784741953472224317tmp surefire_01827154798744416971tmp"/>
    <property name="surefire.test.class.path" value="/root/IdeaProjects/leetcode/target/test-classes:/root/IdeaProjects/leetcode/target/classes:/root/app/maven/jar/org/springframework/boot/spring-boot-starter/2.4.5/spring-boot-starter-2.4.5.jar:/root/app/maven/jar/org/springframework/boot/spring-boot/2.4.5/spring-boot-2.4.5.jar:/root/app/maven/jar/org/springframework/spring-context/5.3.6/spring-context-5.3.6.jar:/root/app/maven/jar/org/springframework/spring-aop/5.3.6/spring-aop-5.3.6.jar:/root/app/maven/jar/org/springframework/spring-beans/5.3.6/spring-beans-5.3.6.jar:/root/app/maven/jar/org/springframework/spring-expression/5.3.6/spring-expression-5.3.6.jar:/root/app/maven/jar/org/springframework/boot/spring-boot-autoconfigure/2.4.5/spring-boot-autoconfigure-2.4.5.jar:/root/app/maven/jar/org/springframework/boot/spring-boot-starter-logging/2.4.5/spring-boot-starter-logging-2.4.5.jar:/root/app/maven/jar/ch/qos/logback/logback-classic/1.2.3/logback-classic-1.2.3.jar:/root/app/maven/jar/ch/qos/logback/logback-core/1.2.3/logback-core-1.2.3.jar:/root/app/maven/jar/org/apache/logging/log4j/log4j-to-slf4j/2.13.3/log4j-to-slf4j-2.13.3.jar:/root/app/maven/jar/org/apache/logging/log4j/log4j-api/2.13.3/log4j-api-2.13.3.jar:/root/app/maven/jar/org/slf4j/jul-to-slf4j/1.7.30/jul-to-slf4j-1.7.30.jar:/root/app/maven/jar/jakarta/annotation/jakarta.annotation-api/1.3.5/jakarta.annotation-api-1.3.5.jar:/root/app/maven/jar/org/springframework/spring-core/5.3.6/spring-core-5.3.6.jar:/root/app/maven/jar/org/springframework/spring-jcl/5.3.6/spring-jcl-5.3.6.jar:/root/app/maven/jar/org/yaml/snakeyaml/1.27/snakeyaml-1.27.jar:/root/app/maven/jar/org/springframework/boot/spring-boot-starter-test/2.4.5/spring-boot-starter-test-2.4.5.jar:/root/app/maven/jar/org/springframework/boot/spring-boot-test/2.4.5/spring-boot-test-2.4.5.jar:/root/app/maven/jar/org/springframework/boot/spring-boot-test-autoconfigure/2.4.5/spring-boot-test-autoconfigure-2.4.5.jar:/root/app/maven/jar/com/jayway/jsonpath/json-path/2.4.0/json-path-2.4.0.jar:/root/app/maven/jar/net/minidev/json-smart/2.3/json-smart-2.3.jar:/root/app/maven/jar/net/minidev/accessors-smart/1.2/accessors-smart-1.2.jar:/root/app/maven/jar/org/ow2/asm/asm/5.0.4/asm-5.0.4.jar:/root/app/maven/jar/org/slf4j/slf4j-api/1.7.30/slf4j-api-1.7.30.jar:/root/app/maven/jar/jakarta/xml/bind/jakarta.xml.bind-api/2.3.3/jakarta.xml.bind-api-2.3.3.jar:/root/app/maven/jar/jakarta/activation/jakarta.activation-api/1.2.2/jakarta.activation-api-1.2.2.jar:/root/app/maven/jar/org/assertj/assertj-core/3.18.1/assertj-core-3.18.1.jar:/root/app/maven/jar/org/hamcrest/hamcrest/2.2/hamcrest-2.2.jar:/root/app/maven/jar/org/junit/jupiter/junit-jupiter/5.7.1/junit-jupiter-5.7.1.jar:/root/app/maven/jar/org/junit/jupiter/junit-jupiter-api/5.7.1/junit-jupiter-api-5.7.1.jar:/root/app/maven/jar/org/apiguardian/apiguardian-api/1.1.0/apiguardian-api-1.1.0.jar:/root/app/maven/jar/org/opentest4j/opentest4j/1.2.0/opentest4j-1.2.0.jar:/root/app/maven/jar/org/junit/platform/junit-platform-commons/1.7.1/junit-platform-commons-1.7.1.jar:/root/app/maven/jar/org/junit/jupiter/junit-jupiter-params/5.7.1/junit-jupiter-params-5.7.1.jar:/root/app/maven/jar/org/junit/jupiter/junit-jupiter-engine/5.7.1/junit-jupiter-engine-5.7.1.jar:/root/app/maven/jar/org/junit/platform/junit-platform-engine/1.7.1/junit-platform-engine-1.7.1.jar:/root/app/maven/jar/org/mockito/mockito-core/3.6.28/mockito-core-3.6.28.jar:/root/app/maven/jar/net/bytebuddy/byte-buddy/1.10.22/byte-buddy-1.10.22.jar:/root/app/maven/jar/net/bytebuddy/byte-buddy-agent/1.10.22/byte-buddy-agent-1.10.22.jar:/root/app/maven/jar/org/objenesis/objenesis/3.1/objenesis-3.1.jar:/root/app/maven/jar/org/mockito/mockito-junit-jupiter/3.6.28/mockito-junit-jupiter-3.6.28.jar:/root/app/maven/jar/org/skyscreamer/jsonassert/1.5.0/jsonassert-1.5.0.jar:/root/app/maven/jar/com/vaadin/external/google/android-json/0.0.20131108.vaadin1/android-json-0.0.20131108.vaadin1.jar:/root/app/maven/jar/org/springframework/spring-test/5.3.6/spring-test-5.3.6.jar:/root/app/maven/jar/org/xmlunit/xmlunit-core/2.7.0/xmlunit-core-2.7.0.jar:"/>
    <property name="sun.cpu.endian" value="little"/>
    <property name="user.home" value="/root"/>
    <property name="user.language" value="zh"/>
    <property name="java.specification.vendor" value="Oracle Corporation"/>
    <property name="java.home" value="/root/java/jdk1.8.0_241/jre"/>
    <property name="basedir" value="/root/IdeaProjects/leetcode"/>
    <property name="file.separator" value="/"/>
    <property name="line.separator" value="&#10;"/>
    <property name="java.vm.specification.vendor" value="Oracle Corporation"/>
    <property name="java.specification.name" value="Java Platform API Specification"/>
    <property name="java.awt.graphicsenv" value="sun.awt.X11GraphicsEnvironment"/>
    <property name="idea.version2020.1.1" value="true"/>
    <property name="surefire.real.class.path" value="/root/IdeaProjects/leetcode/target/surefire/surefirebooter6928705144376558178.jar"/>
    <property name="sun.boot.class.path" value="/root/java/jdk1.8.0_241/jre/lib/resources.jar:/root/java/jdk1.8.0_241/jre/lib/rt.jar:/root/java/jdk1.8.0_241/jre/lib/sunrsasign.jar:/root/java/jdk1.8.0_241/jre/lib/jsse.jar:/root/java/jdk1.8.0_241/jre/lib/jce.jar:/root/java/jdk1.8.0_241/jre/lib/charsets.jar:/root/java/jdk1.8.0_241/jre/lib/jfr.jar:/root/java/jdk1.8.0_241/jre/classes"/>
    <property name="sun.management.compiler" value="HotSpot 64-Bit Tiered Compilers"/>
    <property name="java.runtime.version" value="1.8.0_241-b07"/>
    <property name="user.name" value="root"/>
    <property name="path.separator" value=":"/>
    <property name="os.version" value="5.8.0-50-generic"/>
    <property name="java.endorsed.dirs" value="/root/java/jdk1.8.0_241/jre/lib/endorsed"/>
    <property name="java.runtime.name" value="Java(TM) SE Runtime Environment"/>
    <property name="file.encoding" value="UTF-8"/>
    <property name="java.vm.name" value="Java HotSpot(TM) 64-Bit Server VM"/>
    <property name="localRepository" value="/root/app/maven/jar"/>
    <property name="java.vendor.url.bug" value="http://bugreport.sun.com/bugreport/"/>
    <property name="java.io.tmpdir" value="/tmp"/>
    <property name="java.version" value="1.8.0_241"/>
    <property name="user.dir" value="/root/IdeaProjects/leetcode"/>
    <property name="os.arch" value="amd64"/>
    <property name="java.vm.specification.name" value="Java Virtual Machine Specification"/>
    <property name="java.awt.printerjob" value="sun.print.PSPrinterJob"/>
    <property name="sun.os.patch.level" value="unknown"/>
    <property name="java.library.path" value="/usr/java/packages/lib/amd64:/usr/lib64:/lib64:/lib:/usr/lib"/>
    <property name="java.vm.info" value="mixed mode"/>
    <property name="java.vendor" value="Oracle Corporation"/>
    <property name="java.vm.version" value="25.241-b07"/>
    <property name="java.ext.dirs" value="/root/java/jdk1.8.0_241/jre/lib/ext:/usr/java/packages/lib/ext"/>
    <property name="sun.io.unicode.encoding" value="UnicodeLittle"/>
    <property name="maven.repo.local" value="/root/app/maven/jar"/>
    <property name="java.class.version" value="52.0"/>
  </properties>
  <testcase name="contextLoads" classname="leetcode.editor.cn.demo.DemoApplicationTests" time="0.107"/>
</testsuite>